<?xml version="1.0" encoding="UTF-8"?>
<!-- Generated by org.testng.reporters.JUnitXMLReporter -->
<testsuite hostname="Shreeram" ignored="1" name="Login test" tests="1" failures="0" timestamp="2023-05-08T08:58:16 BST" time="5.101" errors="0">
  <testcase name="userSholdLoginSuccessfullyWithValidCredentials" time="0.226" classname="com.saucedemo.www.testsuite.LoginTest"/>
  <testcase name="verifyThatSixProductsAreDisplayedOnPage" time="0.0" classname="com.saucedemo.www.testsuite.LoginTest">
    <ignored/>
  </testcase> <!-- verifyThatSixProductsAreDisplayedOnPage -->
</testsuite> <!-- Login test -->
