<?xml version="1.0" encoding="UTF-8"?>
<!-- Generated by org.testng.reporters.JUnitXMLReporter -->
<testsuite hostname="Shreeram" ignored="0" name="Login Test" tests="2" failures="0" timestamp="2023-05-08T08:59:53 BST" time="5.677" errors="0">
  <testcase name="userSholdLoginSuccessfullyWithValidCredentials" time="0.204" classname="com.saucedemo.www.testsuite.LoginTest"/>
  <testcase name="verifyThatSixProductsAreDisplayedOnPage" time="0.198" classname="com.saucedemo.www.testsuite.LoginTest"/>
</testsuite> <!-- Login Test -->
