<?xml version="1.0" encoding="UTF-8"?>
<testsuite name="Login Test"
           tests="2"
           failures="0"
           errors="0"
           skipped="0"
           time="0.402">
  <properties />
  
  
            <testcase name="userSholdLoginSuccessfullyWithValidCredentials" time="0.204" classname="com.saucedemo.www.testsuite.LoginTest" />
                <testcase name="verifyThatSixProductsAreDisplayedOnPage" time="0.198" classname="com.saucedemo.www.testsuite.LoginTest" />
      
</testsuite>
