<?xml version="1.0" encoding="UTF-8"?>
<testng-results skipped="0" failed="0" ignored="0" total="2" passed="2">
  <reporter-output>
    <line>
      <![CDATA[Enter UserName]]>
    </line>
    <line>
      <![CDATA[Enter Password]]>
    </line>
    <line>
      <![CDATA[Click On LoginButton]]>
    </line>
    <line>
      <![CDATA[Get Products Title]]>
    </line>
    <line>
      <![CDATA[Enter UserName]]>
    </line>
    <line>
      <![CDATA[Enter Password]]>
    </line>
    <line>
      <![CDATA[Click On LoginButton]]>
    </line>
    <line>
      <![CDATA[Get Number of product displayed]]>
    </line>
  </reporter-output>
  <suite name="regression suite" duration-ms="5677" started-at="2023-05-08T08:59:47 BST" finished-at="2023-05-08T08:59:53 BST">
    <groups>
      <group name="regression">
        <method signature="LoginTest.userSholdLoginSuccessfullyWithValidCredentials()[pri:0, instance:com.saucedemo.www.testsuite.LoginTest@52f759d7]" name="userSholdLoginSuccessfullyWithValidCredentials" class="com.saucedemo.www.testsuite.LoginTest"/>
        <method signature="LoginTest.verifyThatSixProductsAreDisplayedOnPage()[pri:0, instance:com.saucedemo.www.testsuite.LoginTest@52f759d7]" name="verifyThatSixProductsAreDisplayedOnPage" class="com.saucedemo.www.testsuite.LoginTest"/>
      </group> <!-- regression -->
      <group name="smoke">
        <method signature="LoginTest.verifyThatSixProductsAreDisplayedOnPage()[pri:0, instance:com.saucedemo.www.testsuite.LoginTest@52f759d7]" name="verifyThatSixProductsAreDisplayedOnPage" class="com.saucedemo.www.testsuite.LoginTest"/>
      </group> <!-- smoke -->
      <group name="sanity">
        <method signature="LoginTest.userSholdLoginSuccessfullyWithValidCredentials()[pri:0, instance:com.saucedemo.www.testsuite.LoginTest@52f759d7]" name="userSholdLoginSuccessfullyWithValidCredentials" class="com.saucedemo.www.testsuite.LoginTest"/>
      </group> <!-- sanity -->
    </groups>
    <test name="Login Test" duration-ms="5677" started-at="2023-05-08T08:59:47 BST" finished-at="2023-05-08T08:59:53 BST">
      <class name="com.saucedemo.www.testsuite.LoginTest">
        <test-method status="PASS" signature="setUp()[pri:0, instance:com.saucedemo.www.testsuite.LoginTest@52f759d7]" name="setUp" is-config="true" duration-ms="2588" started-at="2023-05-08T08:59:48 BST" finished-at="2023-05-08T08:59:50 BST">
          <reporter-output>
          </reporter-output>
        </test-method> <!-- setUp -->
        <test-method status="PASS" signature="inIt()[pri:0, instance:com.saucedemo.www.testsuite.LoginTest@52f759d7]" name="inIt" is-config="true" duration-ms="17" started-at="2023-05-08T08:59:50 BST" finished-at="2023-05-08T08:59:50 BST">
          <reporter-output>
          </reporter-output>
        </test-method> <!-- inIt -->
        <test-method status="PASS" signature="userSholdLoginSuccessfullyWithValidCredentials()[pri:0, instance:com.saucedemo.www.testsuite.LoginTest@52f759d7]" name="userSholdLoginSuccessfullyWithValidCredentials" duration-ms="204" started-at="2023-05-08T08:59:50 BST" finished-at="2023-05-08T08:59:50 BST">
          <reporter-output>
            <line>
              <![CDATA[Enter UserName]]>
            </line>
            <line>
              <![CDATA[Enter Password]]>
            </line>
            <line>
              <![CDATA[Click On LoginButton]]>
            </line>
            <line>
              <![CDATA[Get Products Title]]>
            </line>
          </reporter-output>
        </test-method> <!-- userSholdLoginSuccessfullyWithValidCredentials -->
        <test-method status="PASS" signature="tearDown()[pri:0, instance:com.saucedemo.www.testsuite.LoginTest@52f759d7]" name="tearDown" is-config="true" duration-ms="637" started-at="2023-05-08T08:59:50 BST" finished-at="2023-05-08T08:59:51 BST">
          <reporter-output>
          </reporter-output>
        </test-method> <!-- tearDown -->
        <test-method status="PASS" signature="setUp()[pri:0, instance:com.saucedemo.www.testsuite.LoginTest@52f759d7]" name="setUp" is-config="true" duration-ms="1216" started-at="2023-05-08T08:59:51 BST" finished-at="2023-05-08T08:59:52 BST">
          <reporter-output>
          </reporter-output>
        </test-method> <!-- setUp -->
        <test-method status="PASS" signature="verifyThatSixProductsAreDisplayedOnPage()[pri:0, instance:com.saucedemo.www.testsuite.LoginTest@52f759d7]" name="verifyThatSixProductsAreDisplayedOnPage" duration-ms="198" started-at="2023-05-08T08:59:52 BST" finished-at="2023-05-08T08:59:52 BST">
          <reporter-output>
            <line>
              <![CDATA[Enter UserName]]>
            </line>
            <line>
              <![CDATA[Enter Password]]>
            </line>
            <line>
              <![CDATA[Click On LoginButton]]>
            </line>
            <line>
              <![CDATA[Get Number of product displayed]]>
            </line>
          </reporter-output>
        </test-method> <!-- verifyThatSixProductsAreDisplayedOnPage -->
        <test-method status="PASS" signature="inIt()[pri:0, instance:com.saucedemo.www.testsuite.LoginTest@52f759d7]" name="inIt" is-config="true" duration-ms="0" started-at="2023-05-08T08:59:52 BST" finished-at="2023-05-08T08:59:52 BST">
          <reporter-output>
          </reporter-output>
        </test-method> <!-- inIt -->
        <test-method status="PASS" signature="tearDown()[pri:0, instance:com.saucedemo.www.testsuite.LoginTest@52f759d7]" name="tearDown" is-config="true" duration-ms="641" started-at="2023-05-08T08:59:52 BST" finished-at="2023-05-08T08:59:53 BST">
          <reporter-output>
          </reporter-output>
        </test-method> <!-- tearDown -->
      </class> <!-- com.saucedemo.www.testsuite.LoginTest -->
    </test> <!-- Login Test -->
  </suite> <!-- regression suite -->
</testng-results>
